<?xml version="1.0" encoding="UTF-8"?>
<testng-results skipped="0" failed="0" ignored="2" total="4" passed="2">
  <reporter-output>
  </reporter-output>
  <suite name="Flight Booking Suite" duration-ms="21708" started-at="2019-08-02T08:24:49Z" finished-at="2019-08-02T08:25:11Z">
    <groups>
    </groups>
    <test name="Android Test" duration-ms="17598" started-at="2019-08-02T08:24:49Z" finished-at="2019-08-02T08:25:07Z">
      <class name="com.testingfoo.grid.AppiumGridTest">
        <test-method status="PASS" signature="testAndroid()[pri:0, instance:com.testingfoo.grid.AppiumGridTest@150c158]" name="testAndroid" duration-ms="17558" started-at="2019-08-02T08:24:49Z" finished-at="2019-08-02T08:25:07Z">
          <reporter-output>
          </reporter-output>
        </test-method> <!-- testAndroid -->
      </class> <!-- com.testingfoo.grid.AppiumGridTest -->
    </test> <!-- Android Test -->
    <test name="iOS Test" duration-ms="21708" started-at="2019-08-02T08:24:49Z" finished-at="2019-08-02T08:25:11Z">
      <class name="com.testingfoo.grid.AppiumGridTest">
        <test-method status="PASS" signature="testIOS_2()[pri:0, instance:com.testingfoo.grid.AppiumGridTest@376b4233]" name="testIOS_2" duration-ms="21670" started-at="2019-08-02T08:24:49Z" finished-at="2019-08-02T08:25:11Z">
          <reporter-output>
          </reporter-output>
        </test-method> <!-- testIOS_2 -->
      </class> <!-- com.testingfoo.grid.AppiumGridTest -->
    </test> <!-- iOS Test -->
  </suite> <!-- Flight Booking Suite -->
</testng-results>
