<?xml version="1.0" encoding="UTF-8"?>
<!-- Generated by org.testng.reporters.JUnitXMLReporter -->
<testsuite hostname="192-168-1-4.tpgi.com.au" ignored="1" name="Android Test" tests="1" failures="0" timestamp="02 Aug 2019 08:25:07 GMT" time="17.598" errors="0">
  <testcase name="testAndroid" time="17.558" classname="com.testingfoo.grid.AppiumGridTest"/>
  <testcase name="testIOS_2" time="0.0" classname="com.testingfoo.grid.AppiumGridTest">
    <ignored/>
  </testcase> <!-- testIOS_2 -->
</testsuite> <!-- Android Test -->
