<?xml version="1.0" encoding="UTF-8"?>
<!-- Generated by org.testng.reporters.JUnitXMLReporter -->
<testsuite hostname="192-168-1-4.tpgi.com.au" ignored="1" name="iOS Test" tests="1" failures="0" timestamp="02 Aug 2019 08:25:11 GMT" time="21.708" errors="0">
  <testcase name="testIOS_2" time="21.67" classname="com.testingfoo.grid.AppiumGridTest"/>
  <testcase name="testAndroid" time="0.0" classname="com.testingfoo.grid.AppiumGridTest">
    <ignored/>
  </testcase> <!-- testAndroid -->
</testsuite> <!-- iOS Test -->
